<?xml version="1.0" encoding="UTF-8"?>
<testng-results ignored="0" total="1" passed="1" failed="0" skipped="0">
  <reporter-output>
  </reporter-output>
  <suite started-at="2021-09-29T16:30:04 EDT" name="Default suite" finished-at="2021-09-29T16:30:08 EDT" duration-ms="3507">
    <groups>
    </groups>
    <test started-at="2021-09-29T16:30:04 EDT" name="Default test" finished-at="2021-09-29T16:30:08 EDT" duration-ms="3507">
      <class name="StaticJson">
        <test-method signature="ReadJsonFile()[pri:0, instance:StaticJson@61d6015a]" started-at="2021-09-29T16:30:04 EDT" name="ReadJsonFile" finished-at="2021-09-29T16:30:08 EDT" duration-ms="3470" status="PASS">
          <reporter-output>
          </reporter-output>
        </test-method> <!-- ReadJsonFile -->
      </class> <!-- StaticJson -->
    </test> <!-- Default test -->
  </suite> <!-- Default suite -->
</testng-results>
